📦 Found changes! Backing up notes...
[main 5da1309] automated notes update
 1 file changed, 1 insertion(+)
 create mode 100644 cron_sync.log
error: cannot pull with rebase: You have unstaged changes.
error: Please commit or stash them.
To github.com:thrillfreak23/just-notes.git
   d672b37..5da1309  main -> main
✅ All notes are safe on GitHub!
📦 Found changes! Backing up notes...
[main 3c1661e] automated notes update
 2 files changed, 281 insertions(+)
 create mode 100644 conlang.raggo.norg
error: cannot pull with rebase: You have unstaged changes.
error: Please commit or stash them.
To github.com:thrillfreak23/just-notes.git
   5da1309..3c1661e  main -> main
✅ All notes are safe on GitHub!
📦 Found changes! Backing up notes...
[main 9c2654f] automated notes update
 1 file changed, 9 insertions(+)
error: cannot pull with rebase: You have unstaged changes.
error: Please commit or stash them.
To github.com:thrillfreak23/just-notes.git
   3c1661e..9c2654f  main -> main
✅ All notes are safe on GitHub!
📦 Found changes! Backing up notes...
[main 2dfe387] automated notes update
 1 file changed, 8 insertions(+)
error: cannot pull with rebase: You have unstaged changes.
error: Please commit or stash them.
To github.com:thrillfreak23/just-notes.git
   9c2654f..2dfe387  main -> main
✅ All notes are safe on GitHub!
📦 Found changes! Backing up notes...
[main 6895548] automated notes update
 1 file changed, 8 insertions(+)
error: cannot pull with rebase: You have unstaged changes.
error: Please commit or stash them.
To github.com:thrillfreak23/just-notes.git
   2dfe387..6895548  main -> main
✅ All notes are safe on GitHub!
📦 Found changes! Backing up notes...
[main 26996c7] automated notes update
 1 file changed, 8 insertions(+)
error: cannot pull with rebase: You have unstaged changes.
error: Please commit or stash them.
To github.com:thrillfreak23/just-notes.git
   6895548..26996c7  main -> main
✅ All notes are safe on GitHub!
📦 Found changes! Backing up notes...
[main b7c98a9] automated notes update
 1 file changed, 8 insertions(+)
error: cannot pull with rebase: You have unstaged changes.
error: Please commit or stash them.
To github.com:thrillfreak23/just-notes.git
   26996c7..b7c98a9  main -> main
✅ All notes are safe on GitHub!
📦 Found changes! Backing up notes...
[main 90b29ac] automated notes update
 5 files changed, 44 insertions(+), 9 deletions(-)
 create mode 100644 .project_notes.norg
 create mode 100644 journal/2026-07-23.norg
error: cannot pull with rebase: You have unstaged changes.
error: Please commit or stash them.
To github.com:thrillfreak23/just-notes.git
   b7c98a9..90b29ac  main -> main
✅ All notes are safe on GitHub!
